c:\users\nemo1\onedrive\바탕 화면\내꺼\github\directx12\directxproject\directxproject\x64\debug\vc143.pdb
c:\users\nemo1\onedrive\바탕 화면\내꺼\github\directx12\directxproject\directxproject\x64\debug\vc143.idb
c:\users\nemo1\onedrive\바탕 화면\내꺼\github\directx12\directxproject\directxproject\x64\debug\textureshaderclass.obj
c:\users\nemo1\onedrive\바탕 화면\내꺼\github\directx12\directxproject\directxproject\x64\debug\systemclass.obj
c:\users\nemo1\onedrive\바탕 화면\내꺼\github\directx12\directxproject\directxproject\x64\debug\stdafx.obj
c:\users\nemo1\onedrive\바탕 화면\내꺼\github\directx12\directxproject\directxproject\x64\debug\modeltextureclass.obj
c:\users\nemo1\onedrive\바탕 화면\내꺼\github\directx12\directxproject\directxproject\x64\debug\modelclass.obj
c:\users\nemo1\onedrive\바탕 화면\내꺼\github\directx12\directxproject\directxproject\x64\debug\main.obj
c:\users\nemo1\onedrive\바탕 화면\내꺼\github\directx12\directxproject\directxproject\x64\debug\inputclass.obj
c:\users\nemo1\onedrive\바탕 화면\내꺼\github\directx12\directxproject\directxproject\x64\debug\graphicsclass.obj
c:\users\nemo1\onedrive\바탕 화면\내꺼\github\directx12\directxproject\directxproject\x64\debug\ddstextureloader.obj
c:\users\nemo1\onedrive\바탕 화면\내꺼\github\directx12\directxproject\directxproject\x64\debug\d3dclass.obj
c:\users\nemo1\onedrive\바탕 화면\내꺼\github\directx12\directxproject\directxproject\x64\debug\colorshaderclass.obj
c:\users\nemo1\onedrive\바탕 화면\내꺼\github\directx12\directxproject\directxproject\x64\debug\cameraclass.obj
c:\users\nemo1\onedrive\바탕 화면\내꺼\github\directx12\directxproject\directxproject\x64\debug\textureclass.obj
c:\users\nemo1\onedrive\바탕 화면\내꺼\github\directx12\directxproject\directxproject\x64\debug\modellightclass.obj
c:\users\nemo1\onedrive\바탕 화면\내꺼\github\directx12\directxproject\directxproject\x64\debug\lightshaderclass.obj
c:\users\nemo1\onedrive\바탕 화면\내꺼\github\directx12\directxproject\directxproject\x64\debug\lightclass.obj
c:\users\nemo1\onedrive\바탕 화면\내꺼\github\directx12\directxproject\x64\debug\directxproject.exe
c:\users\nemo1\onedrive\바탕 화면\내꺼\github\directx12\directxproject\directxproject\x64\debug\directxproject.ilk
c:\users\nemo1\onedrive\바탕 화면\내꺼\github\directx12\directxproject\x64\debug\directxproject.pdb
c:\users\nemo1\onedrive\바탕 화면\내꺼\github\directx12\directxproject\directxproject\x64\debug\bitmapclass.obj
c:\users\nemo1\onedrive\바탕 화면\내꺼\github\directx12\directxproject\directxproject\x64\debug\cpuclass.obj
c:\users\nemo1\onedrive\바탕 화면\내꺼\github\directx12\directxproject\directxproject\x64\debug\ddstextureloader11.obj
c:\users\nemo1\onedrive\바탕 화면\내꺼\github\directx12\directxproject\directxproject\x64\debug\fontclass.obj
c:\users\nemo1\onedrive\바탕 화면\내꺼\github\directx12\directxproject\directxproject\x64\debug\fontshaderclass.obj
c:\users\nemo1\onedrive\바탕 화면\내꺼\github\directx12\directxproject\directxproject\x64\debug\fpsclass.obj
c:\users\nemo1\onedrive\바탕 화면\내꺼\github\directx12\directxproject\directxproject\x64\debug\frustumclass.obj
c:\users\nemo1\onedrive\바탕 화면\내꺼\github\directx12\directxproject\directxproject\x64\debug\model3dclass.obj
c:\users\nemo1\onedrive\바탕 화면\내꺼\github\directx12\directxproject\directxproject\x64\debug\modellistclass.obj
c:\users\nemo1\onedrive\바탕 화면\내꺼\github\directx12\directxproject\directxproject\x64\debug\positionclass.obj
c:\users\nemo1\onedrive\바탕 화면\내꺼\github\directx12\directxproject\directxproject\x64\debug\soundclass.obj
c:\users\nemo1\onedrive\바탕 화면\내꺼\github\directx12\directxproject\directxproject\x64\debug\textclass.obj
c:\users\nemo1\onedrive\바탕 화면\내꺼\github\directx12\directxproject\directxproject\x64\debug\timeclass.obj
c:\users\nemo1\onedrive\바탕 화면\내꺼\github\directx12\directxproject\directxproject\x64\debug\directxproject.tlog\cl.command.1.tlog
c:\users\nemo1\onedrive\바탕 화면\내꺼\github\directx12\directxproject\directxproject\x64\debug\directxproject.tlog\cl.write.1.tlog
c:\users\nemo1\onedrive\바탕 화면\내꺼\github\directx12\directxproject\directxproject\x64\debug\directxproject.tlog\fxc.command.1.tlog
c:\users\nemo1\onedrive\바탕 화면\내꺼\github\directx12\directxproject\directxproject\x64\debug\directxproject.tlog\link.command.1.tlog
c:\users\nemo1\onedrive\바탕 화면\내꺼\github\directx12\directxproject\directxproject\x64\debug\directxproject.tlog\link.read.1.tlog
c:\users\nemo1\onedrive\바탕 화면\내꺼\github\directx12\directxproject\directxproject\x64\debug\directxproject.tlog\link.write.1.tlog
